This is pdfTeX, Version 3.141592653-2.6-1.40.24 (TeX Live 2022) (preloaded format=pdflatex 2022.8.21)  22 AUG 2022 18:46
entering extended mode
 restricted \write18 enabled.
 %&-line parsing enabled.
**tidy_models_intro.tex
(./tidy_models_intro.tex
LaTeX2e <2022-06-01> patch level 5
L3 programming layer <2022-08-05> (/Users/tico/Library/TinyTeX/texmf-dist/tex/latex/base/article.cls
Document Class: article 2021/10/04 v1.4n Standard LaTeX document class
(/Users/tico/Library/TinyTeX/texmf-dist/tex/latex/base/size10.clo
File: size10.clo 2021/10/04 v1.4n Standard LaTeX file (size option)
)
\c@part=\count185
\c@section=\count186
\c@subsection=\count187
\c@subsubsection=\count188
\c@paragraph=\count189
\c@subparagraph=\count190
\c@figure=\count191
\c@table=\count192
\abovecaptionskip=\skip47
\belowcaptionskip=\skip48
\bibindent=\dimen138
) (/Users/tico/Library/TinyTeX/texmf-dist/tex/latex/amsmath/amsmath.sty
Package: amsmath 2022/04/08 v2.17n AMS math features
\@mathmargin=\skip49
For additional information on amsmath, use the `?' option.
(/Users/tico/Library/TinyTeX/texmf-dist/tex/latex/amsmath/amstext.sty
Package: amstext 2021/08/26 v2.01 AMS text
(/Users/tico/Library/TinyTeX/texmf-dist/tex/latex/amsmath/amsgen.sty
File: amsgen.sty 1999/11/30 v2.0 generic functions
\@emptytoks=\toks16
\ex@=\dimen139
)) (/Users/tico/Library/TinyTeX/texmf-dist/tex/latex/amsmath/amsbsy.sty
Package: amsbsy 1999/11/29 v1.2d Bold Symbols
\pmbraise@=\dimen140
) (/Users/tico/Library/TinyTeX/texmf-dist/tex/latex/amsmath/amsopn.sty
Package: amsopn 2022/04/08 v2.04 operator names
)
\inf@bad=\count193
LaTeX Info: Redefining \frac on input line 234.
\uproot@=\count194
\leftroot@=\count195
LaTeX Info: Redefining \overline on input line 399.
LaTeX Info: Redefining \colon on input line 410.
\classnum@=\count196
\DOTSCASE@=\count197
LaTeX Info: Redefining \ldots on input line 496.
LaTeX Info: Redefining \dots on input line 499.
LaTeX Info: Redefining \cdots on input line 620.
\Mathstrutbox@=\box51
\strutbox@=\box52
LaTeX Info: Redefining \big on input line 722.
LaTeX Info: Redefining \Big on input line 723.
LaTeX Info: Redefining \bigg on input line 724.
LaTeX Info: Redefining \Bigg on input line 725.
\big@size=\dimen141
LaTeX Font Info:    Redeclaring font encoding OML on input line 743.
LaTeX Font Info:    Redeclaring font encoding OMS on input line 744.
\macc@depth=\count198
LaTeX Info: Redefining \bmod on input line 905.
LaTeX Info: Redefining \pmod on input line 910.
LaTeX Info: Redefining \smash on input line 940.
LaTeX Info: Redefining \relbar on input line 970.
LaTeX Info: Redefining \Relbar on input line 971.
\c@MaxMatrixCols=\count199
\dotsspace@=\muskip16
\c@parentequation=\count266
\dspbrk@lvl=\count267
\tag@help=\toks17
\row@=\count268
\column@=\count269
\maxfields@=\count270
\andhelp@=\toks18
\eqnshift@=\dimen142
\alignsep@=\dimen143
\tagshift@=\dimen144
\tagwidth@=\dimen145
\totwidth@=\dimen146
\lineht@=\dimen147
\@envbody=\toks19
\multlinegap=\skip50
\multlinetaggap=\skip51
\mathdisplay@stack=\toks20
LaTeX Info: Redefining \[ on input line 2953.
LaTeX Info: Redefining \] on input line 2954.
) (/Users/tico/Library/TinyTeX/texmf-dist/tex/latex/amsfonts/amssymb.sty
Package: amssymb 2013/01/14 v3.01 AMS font symbols
(/Users/tico/Library/TinyTeX/texmf-dist/tex/latex/amsfonts/amsfonts.sty
Package: amsfonts 2013/01/14 v3.01 Basic AMSFonts support
\symAMSa=\mathgroup4
\symAMSb=\mathgroup5
LaTeX Font Info:    Redeclaring math symbol \hbar on input line 98.
LaTeX Font Info:    Overwriting math alphabet `\mathfrak' in version `bold'
(Font)                  U/euf/m/n --> U/euf/b/n on input line 106.
)) (/Users/tico/Library/TinyTeX/texmf-dist/tex/latex/lm/lmodern.sty
Package: lmodern 2015/05/01 v1.6.1 Latin Modern Fonts
LaTeX Font Info:    Overwriting symbol font `operators' in version `normal'
(Font)                  OT1/cmr/m/n --> OT1/lmr/m/n on input line 22.
LaTeX Font Info:    Overwriting symbol font `letters' in version `normal'
(Font)                  OML/cmm/m/it --> OML/lmm/m/it on input line 23.
LaTeX Font Info:    Overwriting symbol font `symbols' in version `normal'
(Font)                  OMS/cmsy/m/n --> OMS/lmsy/m/n on input line 24.
LaTeX Font Info:    Overwriting symbol font `largesymbols' in version `normal'
(Font)                  OMX/cmex/m/n --> OMX/lmex/m/n on input line 25.
LaTeX Font Info:    Overwriting symbol font `operators' in version `bold'
(Font)                  OT1/cmr/bx/n --> OT1/lmr/bx/n on input line 26.
LaTeX Font Info:    Overwriting symbol font `letters' in version `bold'
(Font)                  OML/cmm/b/it --> OML/lmm/b/it on input line 27.
LaTeX Font Info:    Overwriting symbol font `symbols' in version `bold'
(Font)                  OMS/cmsy/b/n --> OMS/lmsy/b/n on input line 28.
LaTeX Font Info:    Overwriting symbol font `largesymbols' in version `bold'
(Font)                  OMX/cmex/m/n --> OMX/lmex/m/n on input line 29.
LaTeX Font Info:    Overwriting math alphabet `\mathbf' in version `normal'
(Font)                  OT1/cmr/bx/n --> OT1/lmr/bx/n on input line 31.
LaTeX Font Info:    Overwriting math alphabet `\mathsf' in version `normal'
(Font)                  OT1/cmss/m/n --> OT1/lmss/m/n on input line 32.
LaTeX Font Info:    Overwriting math alphabet `\mathit' in version `normal'
(Font)                  OT1/cmr/m/it --> OT1/lmr/m/it on input line 33.
LaTeX Font Info:    Overwriting math alphabet `\mathtt' in version `normal'
(Font)                  OT1/cmtt/m/n --> OT1/lmtt/m/n on input line 34.
LaTeX Font Info:    Overwriting math alphabet `\mathbf' in version `bold'
(Font)                  OT1/cmr/bx/n --> OT1/lmr/bx/n on input line 35.
LaTeX Font Info:    Overwriting math alphabet `\mathsf' in version `bold'
(Font)                  OT1/cmss/bx/n --> OT1/lmss/bx/n on input line 36.
LaTeX Font Info:    Overwriting math alphabet `\mathit' in version `bold'
(Font)                  OT1/cmr/bx/it --> OT1/lmr/bx/it on input line 37.
LaTeX Font Info:    Overwriting math alphabet `\mathtt' in version `bold'
(Font)                  OT1/cmtt/m/n --> OT1/lmtt/m/n on input line 38.
) (/Users/tico/Library/TinyTeX/texmf-dist/tex/generic/iftex/iftex.sty
Package: iftex 2022/02/03 v1.0f TeX engine tests
) (/Users/tico/Library/TinyTeX/texmf-dist/tex/latex/base/fontenc.sty
Package: fontenc 2021/04/29 v2.0v Standard LaTeX package
LaTeX Font Info:    Trying to load font information for T1+lmr on input line 112.
(/Users/tico/Library/TinyTeX/texmf-dist/tex/latex/lm/t1lmr.fd
File: t1lmr.fd 2015/05/01 v1.6.1 Font defs for Latin Modern
)) (/Users/tico/Library/TinyTeX/texmf-dist/tex/latex/base/inputenc.sty
Package: inputenc 2021/02/14 v1.3d Input encoding file
\inpenc@prehook=\toks21
\inpenc@posthook=\toks22
) (/Users/tico/Library/TinyTeX/texmf-dist/tex/latex/base/textcomp.sty
Package: textcomp 2020/02/02 v2.0n Standard LaTeX package
) (/Users/tico/Library/TinyTeX/texmf-dist/tex/latex/xcolor/xcolor.sty
Package: xcolor 2022/06/12 v2.14 LaTeX color extensions (UK)
(/Users/tico/Library/TinyTeX/texmf-dist/tex/latex/graphics-cfg/color.cfg
File: color.cfg 2016/01/02 v1.6 sample color configuration
)
Package xcolor Info: Driver file: pdftex.def on input line 227.
(/Users/tico/Library/TinyTeX/texmf-dist/tex/latex/graphics-def/pdftex.def
File: pdftex.def 2020/10/05 v1.2a Graphics/color driver for pdftex
) (/Users/tico/Library/TinyTeX/texmf-dist/tex/latex/graphics/mathcolor.ltx)
Package xcolor Info: Model `cmy' substituted by `cmy0' on input line 1353.
Package xcolor Info: Model `hsb' substituted by `rgb' on input line 1357.
Package xcolor Info: Model `RGB' extended on input line 1369.
Package xcolor Info: Model `HTML' substituted by `rgb' on input line 1371.
Package xcolor Info: Model `Hsb' substituted by `hsb' on input line 1372.
Package xcolor Info: Model `tHsb' substituted by `hsb' on input line 1373.
Package xcolor Info: Model `HSB' substituted by `hsb' on input line 1374.
Package xcolor Info: Model `Gray' substituted by `gray' on input line 1375.
Package xcolor Info: Model `wave' substituted by `hsb' on input line 1376.
) (/Users/tico/Library/TinyTeX/texmf-dist/tex/latex/hyperref/hyperref.sty
Package: hyperref 2022-06-20 v7.00s Hypertext links for LaTeX
(/Users/tico/Library/TinyTeX/texmf-dist/tex/generic/ltxcmds/ltxcmds.sty
Package: ltxcmds 2020-05-10 v1.25 LaTeX kernel commands for general use (HO)
) (/Users/tico/Library/TinyTeX/texmf-dist/tex/generic/pdftexcmds/pdftexcmds.sty
Package: pdftexcmds 2020-06-27 v0.33 Utility functions of pdfTeX for LuaTeX (HO)
(/Users/tico/Library/TinyTeX/texmf-dist/tex/generic/infwarerr/infwarerr.sty
Package: infwarerr 2019/12/03 v1.5 Providing info/warning/error messages (HO)
)
Package pdftexcmds Info: \pdf@primitive is available.
Package pdftexcmds Info: \pdf@ifprimitive is available.
Package pdftexcmds Info: \pdfdraftmode found.
) (/Users/tico/Library/TinyTeX/texmf-dist/tex/latex/graphics/keyval.sty
Package: keyval 2022/05/29 v1.15 key=value parser (DPC)
\KV@toks@=\toks23
) (/Users/tico/Library/TinyTeX/texmf-dist/tex/generic/kvsetkeys/kvsetkeys.sty
Package: kvsetkeys 2019/12/15 v1.18 Key value parser (HO)
) (/Users/tico/Library/TinyTeX/texmf-dist/tex/generic/kvdefinekeys/kvdefinekeys.sty
Package: kvdefinekeys 2019-12-19 v1.6 Define keys (HO)
) (/Users/tico/Library/TinyTeX/texmf-dist/tex/generic/pdfescape/pdfescape.sty
Package: pdfescape 2019/12/09 v1.15 Implements pdfTeX's escape features (HO)
) (/Users/tico/Library/TinyTeX/texmf-dist/tex/latex/hycolor/hycolor.sty
Package: hycolor 2020-01-27 v1.10 Color options for hyperref/bookmark (HO)
) (/Users/tico/Library/TinyTeX/texmf-dist/tex/latex/letltxmacro/letltxmacro.sty
Package: letltxmacro 2019/12/03 v1.6 Let assignment for LaTeX macros (HO)
) (/Users/tico/Library/TinyTeX/texmf-dist/tex/latex/auxhook/auxhook.sty
Package: auxhook 2019-12-17 v1.6 Hooks for auxiliary files (HO)
) (/Users/tico/Library/TinyTeX/texmf-dist/tex/latex/hyperref/nameref.sty
Package: nameref 2022-05-17 v2.50 Cross-referencing by name of section
(/Users/tico/Library/TinyTeX/texmf-dist/tex/latex/refcount/refcount.sty
Package: refcount 2019/12/15 v3.6 Data extraction from label references (HO)
) (/Users/tico/Library/TinyTeX/texmf-dist/tex/generic/gettitlestring/gettitlestring.sty
Package: gettitlestring 2019/12/15 v1.6 Cleanup title references (HO)
(/Users/tico/Library/TinyTeX/texmf-dist/tex/latex/kvoptions/kvoptions.sty
Package: kvoptions 2022-06-15 v3.15 Key value format for package options (HO)
))
\c@section@level=\count271
)
\@linkdim=\dimen148
\Hy@linkcounter=\count272
\Hy@pagecounter=\count273
(/Users/tico/Library/TinyTeX/texmf-dist/tex/latex/hyperref/pd1enc.def
File: pd1enc.def 2022-06-20 v7.00s Hyperref: PDFDocEncoding definition (HO)
Now handling font encoding PD1 ...
... no UTF-8 mapping file for font encoding PD1
) (/Users/tico/Library/TinyTeX/texmf-dist/tex/generic/intcalc/intcalc.sty
Package: intcalc 2019/12/15 v1.3 Expandable calculations with integers (HO)
) (/Users/tico/Library/TinyTeX/texmf-dist/tex/generic/etexcmds/etexcmds.sty
Package: etexcmds 2019/12/15 v1.7 Avoid name clashes with e-TeX commands (HO)
)
\Hy@SavedSpaceFactor=\count274
(/Users/tico/Library/TinyTeX/texmf-dist/tex/latex/hyperref/puenc.def
File: puenc.def 2022-06-20 v7.00s Hyperref: PDF Unicode definition (HO)
Now handling font encoding PU ...
... no UTF-8 mapping file for font encoding PU
)
Package hyperref Info: Option `unicode' set `true' on input line 4045.
Package hyperref Info: Hyper figures OFF on input line 4162.
Package hyperref Info: Link nesting OFF on input line 4167.
Package hyperref Info: Hyper index ON on input line 4170.
Package hyperref Info: Plain pages OFF on input line 4177.
Package hyperref Info: Backreferencing OFF on input line 4182.
Package hyperref Info: Implicit mode ON; LaTeX internals redefined.
Package hyperref Info: Bookmarks ON on input line 4408.
\c@Hy@tempcnt=\count275
(/Users/tico/Library/TinyTeX/texmf-dist/tex/latex/url/url.sty
\Urlmuskip=\muskip17
Package: url 2013/09/16  ver 3.4  Verb mode for urls, etc.
)
LaTeX Info: Redefining \url on input line 4746.
\XeTeXLinkMargin=\dimen149
(/Users/tico/Library/TinyTeX/texmf-dist/tex/generic/bitset/bitset.sty
Package: bitset 2019/12/09 v1.3 Handle bit-vector datatype (HO)
(/Users/tico/Library/TinyTeX/texmf-dist/tex/generic/bigintcalc/bigintcalc.sty
Package: bigintcalc 2019/12/15 v1.5 Expandable calculations on big integers (HO)
))
\Fld@menulength=\count276
\Field@Width=\dimen150
\Fld@charsize=\dimen151
Package hyperref Info: Hyper figures OFF on input line 6024.
Package hyperref Info: Link nesting OFF on input line 6029.
Package hyperref Info: Hyper index ON on input line 6032.
Package hyperref Info: backreferencing OFF on input line 6039.
Package hyperref Info: Link coloring OFF on input line 6044.
Package hyperref Info: Link coloring with OCG OFF on input line 6049.
Package hyperref Info: PDF/A mode OFF on input line 6054.
(/Users/tico/Library/TinyTeX/texmf-dist/tex/latex/base/atbegshi-ltx.sty
Package: atbegshi-ltx 2021/01/10 v1.0c Emulation of the original atbegshi
package with kernel methods
)
\Hy@abspage=\count277
\c@Item=\count278
\c@Hfootnote=\count279
)
Package hyperref Info: Driver (autodetected): hpdftex.
(/Users/tico/Library/TinyTeX/texmf-dist/tex/latex/hyperref/hpdftex.def
File: hpdftex.def 2022-06-20 v7.00s Hyperref driver for pdfTeX
(/Users/tico/Library/TinyTeX/texmf-dist/tex/latex/base/atveryend-ltx.sty
Package: atveryend-ltx 2020/08/19 v1.0a Emulation of the original atveryend package
with kernel methods
)
\Fld@listcount=\count280
\c@bookmark@seq@number=\count281
(/Users/tico/Library/TinyTeX/texmf-dist/tex/latex/rerunfilecheck/rerunfilecheck.sty
Package: rerunfilecheck 2022-07-10 v1.10 Rerun checks for auxiliary files (HO)
(/Users/tico/Library/TinyTeX/texmf-dist/tex/generic/uniquecounter/uniquecounter.sty
Package: uniquecounter 2019/12/15 v1.4 Provide unlimited unique counter (HO)
)
Package uniquecounter Info: New unique counter `rerunfilecheck' on input line 285.
)
\Hy@SectionHShift=\skip52
) (/Users/tico/Library/TinyTeX/texmf-dist/tex/latex/geometry/geometry.sty
Package: geometry 2020/01/02 v5.9 Page Geometry
(/Users/tico/Library/TinyTeX/texmf-dist/tex/generic/iftex/ifvtex.sty
Package: ifvtex 2019/10/25 v1.7 ifvtex legacy package. Use iftex instead.
)
\Gm@cnth=\count282
\Gm@cntv=\count283
\c@Gm@tempcnt=\count284
\Gm@bindingoffset=\dimen152
\Gm@wd@mp=\dimen153
\Gm@odd@mp=\dimen154
\Gm@even@mp=\dimen155
\Gm@layoutwidth=\dimen156
\Gm@layoutheight=\dimen157
\Gm@layouthoffset=\dimen158
\Gm@layoutvoffset=\dimen159
\Gm@dimlist=\toks24
) (/Users/tico/Library/TinyTeX/texmf-dist/tex/latex/fancyvrb/fancyvrb.sty
Package: fancyvrb 2022/06/06 4.5 verbatim text (tvz,hv)
\FV@CodeLineNo=\count285
\FV@InFile=\read2
\FV@TabBox=\box53
\c@FancyVerbLine=\count286
\FV@StepNumber=\count287
\FV@OutFile=\write3
) (/Users/tico/Library/TinyTeX/texmf-dist/tex/latex/framed/framed.sty
Package: framed 2011/10/22 v 0.96: framed or shaded text with page breaks
\OuterFrameSep=\skip53
\fb@frw=\dimen160
\fb@frh=\dimen161
\FrameRule=\dimen162
\FrameSep=\dimen163
) (/Users/tico/Library/TinyTeX/texmf-dist/tex/latex/tools/longtable.sty
Package: longtable 2021-09-01 v4.17 Multi-page Table package (DPC)
\LTleft=\skip54
\LTright=\skip55
\LTpre=\skip56
\LTpost=\skip57
\LTchunksize=\count288
\LTcapwidth=\dimen164
\LT@head=\box54
\LT@firsthead=\box55
\LT@foot=\box56
\LT@lastfoot=\box57
\LT@gbox=\box58
\LT@cols=\count289
\LT@rows=\count290
\c@LT@tables=\count291
\c@LT@chunks=\count292
\LT@p@ftn=\toks25
) (/Users/tico/Library/TinyTeX/texmf-dist/tex/latex/booktabs/booktabs.sty
Package: booktabs 2020/01/12 v1.61803398 Publication quality tables
\heavyrulewidth=\dimen165
\lightrulewidth=\dimen166
\cmidrulewidth=\dimen167
\belowrulesep=\dimen168
\belowbottomsep=\dimen169
\aboverulesep=\dimen170
\abovetopsep=\dimen171
\cmidrulesep=\dimen172
\cmidrulekern=\dimen173
\defaultaddspace=\dimen174
\@cmidla=\count293
\@cmidlb=\count294
\@aboverulesep=\dimen175
\@belowrulesep=\dimen176
\@thisruleclass=\count295
\@lastruleclass=\count296
\@thisrulewidth=\dimen177
) (/Users/tico/Library/TinyTeX/texmf-dist/tex/latex/tools/array.sty
Package: array 2022/03/10 v2.5f Tabular extension package (FMi)
\col@sep=\dimen178
\ar@mcellbox=\box59
\extrarowheight=\dimen179
\NC@list=\toks26
\extratabsurround=\skip58
\backup@length=\skip59
\ar@cellbox=\box60
) (/Users/tico/Library/TinyTeX/texmf-dist/tex/latex/tools/calc.sty
Package: calc 2017/05/25 v4.3 Infix arithmetic (KKT,FJ)
\calc@Acount=\count297
\calc@Bcount=\count298
\calc@Adimen=\dimen180
\calc@Bdimen=\dimen181
\calc@Askip=\skip60
\calc@Bskip=\skip61
LaTeX Info: Redefining \setlength on input line 80.
LaTeX Info: Redefining \addtolength on input line 81.
\calc@Ccount=\count299
\calc@Cskip=\skip62
) (/Users/tico/Library/TinyTeX/texmf-dist/tex/latex/etoolbox/etoolbox.sty
Package: etoolbox 2020/10/05 v2.5k e-TeX tools for LaTeX (JAW)
\etb@tempcnta=\count300
) (/Users/tico/Library/TinyTeX/texmf-dist/tex/latex/mdwtools/footnote.sty
Package: footnote 1997/01/28 1.13 Save footnotes around boxes
\fn@notes=\box61
\fn@width=\dimen182
) (/Users/tico/Library/TinyTeX/texmf-dist/tex/latex/graphics/graphicx.sty
Package: graphicx 2021/09/16 v1.2d Enhanced LaTeX Graphics (DPC,SPQR)
(/Users/tico/Library/TinyTeX/texmf-dist/tex/latex/graphics/graphics.sty
Package: graphics 2022/03/10 v1.4e Standard LaTeX Graphics (DPC,SPQR)
(/Users/tico/Library/TinyTeX/texmf-dist/tex/latex/graphics/trig.sty
Package: trig 2021/08/11 v1.11 sin cos tan (DPC)
) (/Users/tico/Library/TinyTeX/texmf-dist/tex/latex/graphics-cfg/graphics.cfg
File: graphics.cfg 2016/06/04 v1.11 sample graphics configuration
)
Package graphics Info: Driver file: pdftex.def on input line 107.
)
\Gin@req@height=\dimen183
\Gin@req@width=\dimen184
) (/Users/tico/Library/TinyTeX/texmf-dist/tex/latex/l3backend/l3backend-pdftex.def
File: l3backend-pdftex.def 2022-08-05 L3 backend support: PDF output (pdfTeX)
\l__color_backend_stack_int=\count301
\l__pdf_internal_box=\box62
)
No file tidy_models_intro.aux.
\openout1 = `tidy_models_intro.aux'.

LaTeX Font Info:    Checking defaults for OML/cmm/m/it on input line 121.
LaTeX Font Info:    ... okay on input line 121.
LaTeX Font Info:    Checking defaults for OMS/cmsy/m/n on input line 121.
LaTeX Font Info:    ... okay on input line 121.
LaTeX Font Info:    Checking defaults for OT1/cmr/m/n on input line 121.
LaTeX Font Info:    ... okay on input line 121.
LaTeX Font Info:    Checking defaults for T1/cmr/m/n on input line 121.
LaTeX Font Info:    ... okay on input line 121.
LaTeX Font Info:    Checking defaults for TS1/cmr/m/n on input line 121.
LaTeX Font Info:    ... okay on input line 121.
LaTeX Font Info:    Checking defaults for OMX/cmex/m/n on input line 121.
LaTeX Font Info:    ... okay on input line 121.
LaTeX Font Info:    Checking defaults for U/cmr/m/n on input line 121.
LaTeX Font Info:    ... okay on input line 121.
LaTeX Font Info:    Checking defaults for PD1/pdf/m/n on input line 121.
LaTeX Font Info:    ... okay on input line 121.
LaTeX Font Info:    Checking defaults for PU/pdf/m/n on input line 121.
LaTeX Font Info:    ... okay on input line 121.
(/Users/tico/Library/TinyTeX/texmf-dist/tex/latex/epstopdf-pkg/epstopdf-base.sty
Package: epstopdf-base 2020-01-24 v2.11 Base part for package epstopdf
Package epstopdf-base Info: Redefining graphics rule for `.eps' on input line 485.
(/Users/tico/Library/TinyTeX/texmf-dist/tex/latex/latexconfig/epstopdf-sys.cfg
File: epstopdf-sys.cfg 2010/07/13 v1.3 Configuration of (r)epstopdf for TeX Live
))
Package hyperref Info: Link coloring OFF on input line 121.
\@outlinefile=\write4
\openout4 = `tidy_models_intro.out'.

*geometry* driver: auto-detecting
*geometry* detected driver: pdftex
*geometry* verbose mode - [ preamble ] result:
* driver: pdftex
* paper: <default>
* layout: <same size as paper>
* layoutoffset:(h,v)=(0.0pt,0.0pt)
* modes: 
* h-part:(L,W,R)=(72.26999pt, 469.75502pt, 72.26999pt)
* v-part:(T,H,B)=(72.26999pt, 650.43001pt, 72.26999pt)
* \paperwidth=614.295pt
* \paperheight=794.96999pt
* \textwidth=469.75502pt
* \textheight=650.43001pt
* \oddsidemargin=0.0pt
* \evensidemargin=0.0pt
* \topmargin=-37.0pt
* \headheight=12.0pt
* \headsep=25.0pt
* \topskip=10.0pt
* \footskip=30.0pt
* \marginparwidth=65.0pt
* \marginparsep=11.0pt
* \columnsep=10.0pt
* \skip\footins=9.0pt plus 4.0pt minus 2.0pt
* \hoffset=0.0pt
* \voffset=0.0pt
* \mag=1000
* \@twocolumnfalse
* \@twosidefalse
* \@mparswitchfalse
* \@reversemarginfalse
* (1in=72.27pt=25.4mm, 1cm=28.453pt)

LaTeX Font Info:    Trying to load font information for OT1+lmr on input line 123.
(/Users/tico/Library/TinyTeX/texmf-dist/tex/latex/lm/ot1lmr.fd
File: ot1lmr.fd 2015/05/01 v1.6.1 Font defs for Latin Modern
)
LaTeX Font Info:    Trying to load font information for OML+lmm on input line 123.
(/Users/tico/Library/TinyTeX/texmf-dist/tex/latex/lm/omllmm.fd
File: omllmm.fd 2015/05/01 v1.6.1 Font defs for Latin Modern
)
LaTeX Font Info:    Trying to load font information for OMS+lmsy on input line 123.
(/Users/tico/Library/TinyTeX/texmf-dist/tex/latex/lm/omslmsy.fd
File: omslmsy.fd 2015/05/01 v1.6.1 Font defs for Latin Modern
)
LaTeX Font Info:    Trying to load font information for OMX+lmex on input line 123.
(/Users/tico/Library/TinyTeX/texmf-dist/tex/latex/lm/omxlmex.fd
File: omxlmex.fd 2015/05/01 v1.6.1 Font defs for Latin Modern
)
LaTeX Font Info:    External font `lmex10' loaded for size
(Font)              <12> on input line 123.
LaTeX Font Info:    External font `lmex10' loaded for size
(Font)              <8> on input line 123.
LaTeX Font Info:    External font `lmex10' loaded for size
(Font)              <6> on input line 123.
LaTeX Font Info:    Trying to load font information for U+msa on input line 123.
(/Users/tico/Library/TinyTeX/texmf-dist/tex/latex/amsfonts/umsa.fd
File: umsa.fd 2013/01/14 v3.01 AMS symbols A
)
LaTeX Font Info:    Trying to load font information for U+msb on input line 123.
(/Users/tico/Library/TinyTeX/texmf-dist/tex/latex/amsfonts/umsb.fd
File: umsb.fd 2013/01/14 v3.01 AMS symbols B
)
LaTeX Font Info:    Trying to load font information for T1+lmtt on input line 129.
(/Users/tico/Library/TinyTeX/texmf-dist/tex/latex/lm/t1lmtt.fd
File: t1lmtt.fd 2015/05/01 v1.6.1 Font defs for Latin Modern
)
LaTeX Font Info:    Font shape `T1/lmtt/bx/n' in size <10> not available
(Font)              Font shape `T1/lmtt/b/n' tried instead on input line 130.

Overfull \hbox (343.99261pt too wide) in paragraph at lines 172--172
[]\T1/lmtt/m/n/10 The study of "intelligent agents": any device that perceives its environment and takes actions that maximize its chance of successfully achieving its goals[] 
 []

<./IMG/intel.png, id=5, 734.745pt x 403.5075pt>
File: ./IMG/intel.png Graphic file (type png)
<use ./IMG/intel.png>
Package pdftex.def Info: ./IMG/intel.png  used on input line 177.
(pdftex.def)             Requested size: 469.76431pt x 257.98532pt.
[1

{/Users/tico/Library/TinyTeX/texmf-var/fonts/map/pdftex/updmap/pdftex.map}]
<./IMG/worfflow.png, id=26, 741.77126pt x 305.14pt>
File: ./IMG/worfflow.png Graphic file (type png)
<use ./IMG/worfflow.png>
Package pdftex.def Info: ./IMG/worfflow.png  used on input line 214.
(pdftex.def)             Requested size: 469.76317pt x 193.2449pt.
[2 <./IMG/intel.png>]
LaTeX Font Info:    External font `lmex10' loaded for size
(Font)              <10> on input line 233.
LaTeX Font Info:    External font `lmex10' loaded for size
(Font)              <7> on input line 233.
LaTeX Font Info:    External font `lmex10' loaded for size
(Font)              <5> on input line 233.

Underfull \hbox (badness 10000) in paragraph at lines 233--234
[][]$\T1/lmr/m/n/10 https : / / raw . githubusercontent . com / dataprofessor / infographic / master / 01 -[] Building -[] the -[] Machine -[] Learning -[]
 []

<./IMG/rmse.png, id=34, 274.02374pt x 99.37125pt>
File: ./IMG/rmse.png Graphic file (type png)
<use ./IMG/rmse.png>
Package pdftex.def Info: ./IMG/rmse.png  used on input line 257.
(pdftex.def)             Requested size: 274.03143pt x 99.37402pt.
[3 <./IMG/worfflow.png> <./IMG/rmse.png>]
<./IMG/description.png, id=43, 508.90125pt x 277.035pt>
File: ./IMG/description.png Graphic file (type png)
<use ./IMG/description.png>
Package pdftex.def Info: ./IMG/description.png  used on input line 320.
(pdftex.def)             Requested size: 469.77116pt x 255.73341pt.
[4]
<./IMG/features.png, id=55, 508.90125pt x 306.14375pt>
File: ./IMG/features.png Graphic file (type png)
<use ./IMG/features.png>
Package pdftex.def Info: ./IMG/features.png  used on input line 324.
(pdftex.def)             Requested size: 469.77116pt x 282.60394pt.
<tidy_models_intro_files/figure-latex/unnamed-chunk-4-1.pdf, id=56, 469.755pt x 325.215pt>
File: tidy_models_intro_files/figure-latex/unnamed-chunk-4-1.pdf Graphic file (type pdf)
<use tidy_models_intro_files/figure-latex/unnamed-chunk-4-1.pdf>
Package pdftex.def Info: tidy_models_intro_files/figure-latex/unnamed-chunk-4-1.pdf  used on input line 332.
(pdftex.def)             Requested size: 469.75386pt x 325.2142pt.
[5 <./IMG/description.png> <./IMG/features.png>]
<tidy_models_intro_files/figure-latex/unnamed-chunk-5-1.pdf, id=63, 469.755pt x 325.215pt>
File: tidy_models_intro_files/figure-latex/unnamed-chunk-5-1.pdf Graphic file (type pdf)
<use tidy_models_intro_files/figure-latex/unnamed-chunk-5-1.pdf>
Package pdftex.def Info: tidy_models_intro_files/figure-latex/unnamed-chunk-5-1.pdf  used on input line 349.
(pdftex.def)             Requested size: 469.75386pt x 325.2142pt.
[6 <./tidy_models_intro_files/figure-latex/unnamed-chunk-4-1.pdf>]
<tidy_models_intro_files/figure-latex/unnamed-chunk-6-1.pdf, id=73, 469.755pt x 325.215pt>
File: tidy_models_intro_files/figure-latex/unnamed-chunk-6-1.pdf Graphic file (type pdf)
<use tidy_models_intro_files/figure-latex/unnamed-chunk-6-1.pdf>
Package pdftex.def Info: tidy_models_intro_files/figure-latex/unnamed-chunk-6-1.pdf  used on input line 362.
(pdftex.def)             Requested size: 469.75386pt x 325.2142pt.
[7 <./tidy_models_intro_files/figure-latex/unnamed-chunk-5-1.pdf>] [8 <./tidy_models_intro_files/figure-latex/unnamed-chunk-6-1.pdf>]
<tidy_models_intro_files/figure-latex/unnamed-chunk-7-1.pdf, id=96, 469.755pt x 325.215pt>
File: tidy_models_intro_files/figure-latex/unnamed-chunk-7-1.pdf Graphic file (type pdf)
<use tidy_models_intro_files/figure-latex/unnamed-chunk-7-1.pdf>
Package pdftex.def Info: tidy_models_intro_files/figure-latex/unnamed-chunk-7-1.pdf  used on input line 397.
(pdftex.def)             Requested size: 469.75386pt x 325.2142pt.
<./IMG/split.png, id=97, 511.9125pt x 231.86626pt>
File: ./IMG/split.png Graphic file (type png)
<use ./IMG/split.png>
Package pdftex.def Info: ./IMG/split.png  used on input line 410.
(pdftex.def)             Requested size: 469.75449pt x 212.77113pt.
[9 <./tidy_models_intro_files/figure-latex/unnamed-chunk-7-1.pdf>] [10 <./IMG/split.png>] [11] [12]
Overfull \hbox (328.24266pt too wide) in paragraph at lines 659--659
[]\T1/lmtt/m/n/10 ##   ..- attr(*, "terms")=Classes 'terms', 'formula'  language diabetes ~ pregnant + glucose + pressure + triceps + insulin + mass + pedigree +      age[] 
 []


Overfull \hbox (228.49295pt too wide) in paragraph at lines 659--659
[]\T1/lmtt/m/n/10 ##   .. .. ..- attr(*, "variables")= language list(diabetes, pregnant, glucose, pressure, triceps, insulin, mass, pedigree,      age)[] 
 []


Overfull \hbox (23.74355pt too wide) in paragraph at lines 659--659
[]\T1/lmtt/m/n/10 ##   .. .. ..- attr(*, "term.labels")= chr [1:8] "pregnant" "glucose" "pressure" "triceps" ...[] 
 []


Overfull \hbox (223.24297pt too wide) in paragraph at lines 659--659
[]\T1/lmtt/m/n/10 ##   .. .. ..- attr(*, "predvars")= language list(diabetes, pregnant, glucose, pressure, triceps, insulin, mass, pedigree,      age)[] 
 []


Overfull \hbox (39.4935pt too wide) in paragraph at lines 659--659
[]\T1/lmtt/m/n/10 ##   .. .. ..- attr(*, "dataClasses")= Named chr [1:9] "factor" "numeric" "numeric" "numeric" ...[] 
 []


Overfull \hbox (13.24358pt too wide) in paragraph at lines 659--659
[]\T1/lmtt/m/n/10 ##   .. .. .. ..- attr(*, "names")= chr [1:9] "diabetes" "pregnant" "glucose" "pressure" ...[] 
 []


Overfull \hbox (65.74342pt too wide) in paragraph at lines 659--659
[]\T1/lmtt/m/n/10 ##  $ call             : language glm(formula = diabetes ~ ., family = "binomial", data = pm_training)[] 
 []


Overfull \hbox (317.74269pt too wide) in paragraph at lines 659--659
[]\T1/lmtt/m/n/10 ##  $ terms            :Classes 'terms', 'formula'  language diabetes ~ pregnant + glucose + pressure + triceps + insulin + mass + pedigree +      age[] 
 []


Overfull \hbox (212.743pt too wide) in paragraph at lines 659--659
[]\T1/lmtt/m/n/10 ##   .. ..- attr(*, "variables")= language list(diabetes, pregnant, glucose, pressure, triceps, insulin, mass, pedigree,      age)[] 
 []


Overfull \hbox (7.99359pt too wide) in paragraph at lines 659--659
[]\T1/lmtt/m/n/10 ##   .. ..- attr(*, "term.labels")= chr [1:8] "pregnant" "glucose" "pressure" "triceps" ...[] 
 []


Overfull \hbox (207.49301pt too wide) in paragraph at lines 659--659
[]\T1/lmtt/m/n/10 ##   .. ..- attr(*, "predvars")= language list(diabetes, pregnant, glucose, pressure, triceps, insulin, mass, pedigree,      age)[] 
 []


Overfull \hbox (23.74355pt too wide) in paragraph at lines 659--659
[]\T1/lmtt/m/n/10 ##   .. ..- attr(*, "dataClasses")= Named chr [1:9] "factor" "numeric" "numeric" "numeric" ...[] 
 []

[13] [14]
<tidy_models_intro_files/figure-latex/unnamed-chunk-13-1.pdf, id=134, 469.755pt x 325.215pt>
File: tidy_models_intro_files/figure-latex/unnamed-chunk-13-1.pdf Graphic file (type pdf)
<use tidy_models_intro_files/figure-latex/unnamed-chunk-13-1.pdf>
Package pdftex.def Info: tidy_models_intro_files/figure-latex/unnamed-chunk-13-1.pdf  used on input line 718.
(pdftex.def)             Requested size: 469.75386pt x 325.2142pt.
<./IMG/c1.png, id=135, 809.0225pt x 380.42125pt>
File: ./IMG/c1.png Graphic file (type png)
<use ./IMG/c1.png>
Package pdftex.def Info: ./IMG/c1.png  used on input line 732.
(pdftex.def)             Requested size: 469.7642pt x 220.89407pt.
[15 <./tidy_models_intro_files/figure-latex/unnamed-chunk-13-1.pdf>]
<./IMG/c3.png, id=148, 838.13126pt x 432.61626pt>
File: ./IMG/c3.png Graphic file (type png)
<use ./IMG/c3.png>
Package pdftex.def Info: ./IMG/c3.png  used on input line 738.
(pdftex.def)             Requested size: 469.74677pt x 242.4681pt.
<tidy_models_intro_files/figure-latex/unnamed-chunk-14-1.pdf, id=149, 469.755pt x 325.215pt>
File: tidy_models_intro_files/figure-latex/unnamed-chunk-14-1.pdf Graphic file (type pdf)
<use tidy_models_intro_files/figure-latex/unnamed-chunk-14-1.pdf>
Package pdftex.def Info: tidy_models_intro_files/figure-latex/unnamed-chunk-14-1.pdf  used on input line 753.
(pdftex.def)             Requested size: 469.75386pt x 325.2142pt.
[16 <./IMG/c1.png> <./IMG/c3.png>] [17 <./tidy_models_intro_files/figure-latex/unnamed-chunk-14-1.pdf>]
<tidy_models_intro_files/figure-latex/unnamed-chunk-17-1.pdf, id=169, 469.755pt x 325.215pt>
File: tidy_models_intro_files/figure-latex/unnamed-chunk-17-1.pdf Graphic file (type pdf)
<use tidy_models_intro_files/figure-latex/unnamed-chunk-17-1.pdf>
Package pdftex.def Info: tidy_models_intro_files/figure-latex/unnamed-chunk-17-1.pdf  used on input line 847.
(pdftex.def)             Requested size: 469.75386pt x 325.2142pt.
[18] [19 <./tidy_models_intro_files/figure-latex/unnamed-chunk-17-1.pdf>]
<tidy_models_intro_files/figure-latex/unnamed-chunk-18-1.pdf, id=184, 469.755pt x 325.215pt>
File: tidy_models_intro_files/figure-latex/unnamed-chunk-18-1.pdf Graphic file (type pdf)
<use tidy_models_intro_files/figure-latex/unnamed-chunk-18-1.pdf>
Package pdftex.def Info: tidy_models_intro_files/figure-latex/unnamed-chunk-18-1.pdf  used on input line 919.
(pdftex.def)             Requested size: 469.75386pt x 325.2142pt.
[20 <./tidy_models_intro_files/figure-latex/unnamed-chunk-18-1.pdf>]
<tidy_models_intro_files/figure-latex/unnamed-chunk-19-1.pdf, id=195, 469.755pt x 325.215pt>
File: tidy_models_intro_files/figure-latex/unnamed-chunk-19-1.pdf Graphic file (type pdf)
<use tidy_models_intro_files/figure-latex/unnamed-chunk-19-1.pdf>
Package pdftex.def Info: tidy_models_intro_files/figure-latex/unnamed-chunk-19-1.pdf  used on input line 982.
(pdftex.def)             Requested size: 469.75386pt x 325.2142pt.
[21]
LaTeX Font Info:    Trying to load font information for TS1+lmtt on input line 1030.
(/Users/tico/Library/TinyTeX/texmf-dist/tex/latex/lm/ts1lmtt.fd
File: ts1lmtt.fd 2015/05/01 v1.6.1 Font defs for Latin Modern
) [22 <./tidy_models_intro_files/figure-latex/unnamed-chunk-19-1.pdf>]
<tidy_models_intro_files/figure-latex/unnamed-chunk-21-1.pdf, id=214, 469.755pt x 325.215pt>
File: tidy_models_intro_files/figure-latex/unnamed-chunk-21-1.pdf Graphic file (type pdf)
<use tidy_models_intro_files/figure-latex/unnamed-chunk-21-1.pdf>
Package pdftex.def Info: tidy_models_intro_files/figure-latex/unnamed-chunk-21-1.pdf  used on input line 1037.
(pdftex.def)             Requested size: 469.75386pt x 325.2142pt.
[23 <./tidy_models_intro_files/figure-latex/unnamed-chunk-21-1.pdf>]
<./IMG/crossfold.png, id=232, 626.34pt x 306.14375pt>
File: ./IMG/crossfold.png Graphic file (type png)
<use ./IMG/crossfold.png>
Package pdftex.def Info: ./IMG/crossfold.png  used on input line 1116.
(pdftex.def)             Requested size: 563.7199pt x 275.53616pt.

Overfull \hbox (93.96487pt too wide) in paragraph at lines 1116--1117
[][] 
 []

[24] [25 <./IMG/crossfold.png>]
<tidy_models_intro_files/figure-latex/unnamed-chunk-23-1.pdf, id=248, 469.755pt x 325.215pt>
File: tidy_models_intro_files/figure-latex/unnamed-chunk-23-1.pdf Graphic file (type pdf)
<use tidy_models_intro_files/figure-latex/unnamed-chunk-23-1.pdf>
Package pdftex.def Info: tidy_models_intro_files/figure-latex/unnamed-chunk-23-1.pdf  used on input line 1202.
(pdftex.def)             Requested size: 469.75386pt x 325.2142pt.
[26]
<tidy_models_intro_files/figure-latex/unnamed-chunk-24-1.pdf, id=253, 469.755pt x 325.215pt>
File: tidy_models_intro_files/figure-latex/unnamed-chunk-24-1.pdf Graphic file (type pdf)
<use tidy_models_intro_files/figure-latex/unnamed-chunk-24-1.pdf>
Package pdftex.def Info: tidy_models_intro_files/figure-latex/unnamed-chunk-24-1.pdf  used on input line 1224.
(pdftex.def)             Requested size: 469.75386pt x 325.2142pt.
[27 <./tidy_models_intro_files/figure-latex/unnamed-chunk-23-1.pdf>] [28 <./tidy_models_intro_files/figure-latex/unnamed-chunk-24-1.pdf>] [29] [30]
<tidy_models_intro_files/figure-latex/unnamed-chunk-33-1.pdf, id=296, 469.755pt x 325.215pt>
File: tidy_models_intro_files/figure-latex/unnamed-chunk-33-1.pdf Graphic file (type pdf)
<use tidy_models_intro_files/figure-latex/unnamed-chunk-33-1.pdf>
Package pdftex.def Info: tidy_models_intro_files/figure-latex/unnamed-chunk-33-1.pdf  used on input line 1519.
(pdftex.def)             Requested size: 469.75386pt x 325.2142pt.
[31]
<tidy_models_intro_files/figure-latex/unnamed-chunk-34-1.pdf, id=302, 469.755pt x 325.215pt>
File: tidy_models_intro_files/figure-latex/unnamed-chunk-34-1.pdf Graphic file (type pdf)
<use tidy_models_intro_files/figure-latex/unnamed-chunk-34-1.pdf>
Package pdftex.def Info: tidy_models_intro_files/figure-latex/unnamed-chunk-34-1.pdf  used on input line 1540.
(pdftex.def)             Requested size: 469.75386pt x 325.2142pt.
[32 <./tidy_models_intro_files/figure-latex/unnamed-chunk-33-1.pdf>] [33 <./tidy_models_intro_files/figure-latex/unnamed-chunk-34-1.pdf>]
<tidy_models_intro_files/figure-latex/unnamed-chunk-36-1.pdf, id=321, 469.755pt x 325.215pt>
File: tidy_models_intro_files/figure-latex/unnamed-chunk-36-1.pdf Graphic file (type pdf)
<use tidy_models_intro_files/figure-latex/unnamed-chunk-36-1.pdf>
Package pdftex.def Info: tidy_models_intro_files/figure-latex/unnamed-chunk-36-1.pdf  used on input line 1582.
(pdftex.def)             Requested size: 469.75386pt x 325.2142pt.
[34 <./tidy_models_intro_files/figure-latex/unnamed-chunk-36-1.pdf>] [35]
<tidy_models_intro_files/figure-latex/unnamed-chunk-44-1.pdf, id=341, 469.755pt x 325.215pt>
File: tidy_models_intro_files/figure-latex/unnamed-chunk-44-1.pdf Graphic file (type pdf)
<use tidy_models_intro_files/figure-latex/unnamed-chunk-44-1.pdf>
Package pdftex.def Info: tidy_models_intro_files/figure-latex/unnamed-chunk-44-1.pdf  used on input line 1732.
(pdftex.def)             Requested size: 469.75386pt x 325.2142pt.
[36 <./tidy_models_intro_files/figure-latex/unnamed-chunk-44-1.pdf>]

Package longtable Warning: Column widths have changed
(longtable)                in table 1 on input line 1778.


Package longtable Warning: Column widths have changed
(longtable)                in table 2 on input line 1790.


! LaTeX Error: Unicode character ▇ (U+2587)
               not set up for use with LaTeX.

See the LaTeX manual or LaTeX Companion for explanation.
Type  H <return>  for immediate help.
 ...                                              
                                                  
l.1801 ▇
          ▃▂▁▁ \\ 
Here is how much of TeX's memory you used:
 11998 strings out of 479638
 191636 string characters out of 5877930
 497316 words of memory out of 5000000
 30230 multiletter control sequences out of 15000+600000
 515805 words of font info for 70 fonts, out of 8000000 for 9000
 14 hyphenation exceptions out of 8191
 72i,7n,77p,686b,582s stack positions out of 10000i,1000n,20000p,200000b,200000s

!  ==> Fatal error occurred, no output PDF file produced!
